[debug] [2023-02-28T14:58:00.747Z] ----------------------------------------------------------------------
[debug] [2023-02-28T14:58:00.752Z] Command:       C:\Program Files\nodejs\node.exe C:\Users\mahes\AppData\Roaming\npm\node_modules\firebase-tools\lib\bin\firebase.js init
[debug] [2023-02-28T14:58:00.754Z] CLI Version:   11.24.0
[debug] [2023-02-28T14:58:00.754Z] Platform:      win32
[debug] [2023-02-28T14:58:00.754Z] Node Version:  v19.7.0
[debug] [2023-02-28T14:58:00.755Z] Time:          Tue Feb 28 2023 20:28:00 GMT+0530 (India Standard Time)
[debug] [2023-02-28T14:58:00.756Z] ----------------------------------------------------------------------
[debug] 
[debug] [2023-02-28T14:58:00.771Z] > command requires scopes: ["email","openid","https://www.googleapis.com/auth/cloudplatformprojects.readonly","https://www.googleapis.com/auth/firebase","https://www.googleapis.com/auth/cloud-platform"]
[debug] [2023-02-28T14:58:00.772Z] > authorizing via signed-in user (venkatjai.j@gmail.com)
[info] 
     ######## #### ########  ######## ########     ###     ######  ########
     ##        ##  ##     ## ##       ##     ##  ##   ##  ##       ##
     ######    ##  ########  ######   ########  #########  ######  ######
     ##        ##  ##    ##  ##       ##     ## ##     ##       ## ##
     ##       #### ##     ## ######## ########  ##     ##  ######  ########

You're about to initialize a Firebase project in this directory:

  D:\venkat\flutter_projects\zeedwebapp

[info] 
=== Project Setup
[info] 
[info] First, let's associate this project directory with a Firebase project.
[info] You can create multiple project aliases by running firebase use --add, 
[info] but for now we'll just set up a default project.
[info] 
[debug] [2023-02-28T14:58:31.750Z] >>> [apiv2][query] GET https://firebase.googleapis.com/v1beta1/projects pageSize=100
[debug] [2023-02-28T14:58:34.062Z] <<< [apiv2][status] GET https://firebase.googleapis.com/v1beta1/projects 200
[debug] [2023-02-28T14:58:34.062Z] <<< [apiv2][body] GET https://firebase.googleapis.com/v1beta1/projects [omitted]
[info] i  Using project zeedweb-9b72d (zeedweb) 
[info] 
=== Hosting Setup
[info] 
[info] Your public directory is the folder (relative to your project directory) that
[info] will contain Hosting assets to be uploaded with firebase deploy. If you
[info] have a build process for your assets, use your build's output directory.
[info] 
[debug] [2023-02-28T14:59:20.623Z] >>> [apiv2][query] GET https://www.gstatic.com/firebasejs/releases.json [none]
[debug] [2023-02-28T14:59:20.723Z] <<< [apiv2][status] GET https://www.gstatic.com/firebasejs/releases.json 200
[debug] [2023-02-28T14:59:20.723Z] <<< [apiv2][body] GET https://www.gstatic.com/firebasejs/releases.json {"current":{"version":"9.17.1","browserURL":"https://www.gstatic.com/firebasejs/9.17.1/firebase.js","packageURL":"https://www.gstatic.com/firebasejs/9.17.1/firebase.tgz"},"live":{"version":"9.17","browserURL":"https://www.gstatic.com/firebasejs/live/9.17/firebase.js","packageURL":"https://www.gstatic.com/firebasejs/live/9.17/firebase.tgz"},"components":{"analytics":"https://www.gstatic.com/firebasejs/9.17.1/firebase-analytics.js","app":"https://www.gstatic.com/firebasejs/9.17.1/firebase-app.js","app-check":"https://www.gstatic.com/firebasejs/9.17.1/firebase-app-check.js","auth":"https://www.gstatic.com/firebasejs/9.17.1/firebase-auth.js","auth/cordova":"https://www.gstatic.com/firebasejs/9.17.1/firebase-auth/cordova.js","auth/react-native":"https://www.gstatic.com/firebasejs/9.17.1/firebase-auth/react-native.js","functions":"https://www.gstatic.com/firebasejs/9.17.1/firebase-functions.js","firestore":"https://www.gstatic.com/firebasejs/9.17.1/firebase-firestore.js","firestore/lite":"https://www.gstatic.com/firebasejs/9.17.1/firebase-firestore/lite.js","installations":"https://www.gstatic.com/firebasejs/9.17.1/firebase-installations.js","storage":"https://www.gstatic.com/firebasejs/9.17.1/firebase-storage.js","performance":"https://www.gstatic.com/firebasejs/9.17.1/firebase-performance.js","remote-config":"https://www.gstatic.com/firebasejs/9.17.1/firebase-remote-config.js","messaging":"https://www.gstatic.com/firebasejs/9.17.1/firebase-messaging.js","messaging/sw":"https://www.gstatic.com/firebasejs/9.17.1/firebase-messaging/sw.js","database":"https://www.gstatic.com/firebasejs/9.17.1/firebase-database.js","firestore.memory":"https://www.gstatic.com/firebasejs/9.17.1/firebase-firestore.memory.js"}}
[info] +  Wrote build/web/index.html 
[info] 
[info] i  Didn't detect a .git folder. Assuming D:\venkat\flutter_projects\zeedwebapp is the project root. 
[info] i  Authorizing with GitHub to upload your service account to a GitHub repository's secrets store. 
[info] 
[info] Visit this URL on this device to log in:
[info] https://github.com/login/oauth/authorize?client_id=89cf50f02ac6aaed3484&state=776420567&redirect_uri=http%3A%2F%2Flocalhost%3A9005&scope=read%3Auser%20repo%20public_repo
[info] 
[info] Waiting for authentication...
[debug] [2023-02-28T15:02:16.359Z] >>> [apiv2][query] POST https://github.com/login/oauth/access_token [none]
[debug] [2023-02-28T15:02:16.367Z] >>> [apiv2][body] POST https://github.com/login/oauth/access_token [stream]
[debug] [2023-02-28T15:02:16.886Z] <<< [apiv2][status] POST https://github.com/login/oauth/access_token 200
[debug] [2023-02-28T15:02:16.886Z] <<< [apiv2][body] POST https://github.com/login/oauth/access_token {"access_token":"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","token_type":"bearer","scope":"read:user,repo"}
[debug] [2023-02-28T15:02:16.936Z] >>> [apiv2][query] GET https://api.github.com/user [none]
[debug] [2023-02-28T15:02:17.355Z] <<< [apiv2][status] GET https://api.github.com/user 200
[debug] [2023-02-28T15:02:17.355Z] <<< [apiv2][body] GET https://api.github.com/user {"login":"mrvenkatjaicode","id":92899408,"node_id":"U_kgDOBYmIUA","avatar_url":"https://avatars.githubusercontent.com/u/92899408?v=4","gravatar_id":"","url":"https://api.github.com/users/mrvenkatjaicode","html_url":"https://github.com/mrvenkatjaicode","followers_url":"https://api.github.com/users/mrvenkatjaicode/followers","following_url":"https://api.github.com/users/mrvenkatjaicode/following{/other_user}","gists_url":"https://api.github.com/users/mrvenkatjaicode/gists{/gist_id}","starred_url":"https://api.github.com/users/mrvenkatjaicode/starred{/owner}{/repo}","subscriptions_url":"https://api.github.com/users/mrvenkatjaicode/subscriptions","organizations_url":"https://api.github.com/users/mrvenkatjaicode/orgs","repos_url":"https://api.github.com/users/mrvenkatjaicode/repos","events_url":"https://api.github.com/users/mrvenkatjaicode/events{/privacy}","received_events_url":"https://api.github.com/users/mrvenkatjaicode/received_events","type":"User","site_admin":false,"name":null,"company":null,"blog":"","location":null,"email":null,"hireable":null,"bio":null,"twitter_username":null,"public_repos":13,"public_gists":0,"followers":1,"following":0,"created_at":"2021-10-21T01:22:07Z","updated_at":"2023-02-09T06:52:47Z","private_gists":0,"total_private_repos":10,"owned_private_repos":10,"disk_usage":187655,"collaborators":1,"two_factor_authentication":false,"plan":{"name":"free","space":976562499,"collaborators":0,"private_repos":10000}}
[info] 
[info] +  Success! Logged into GitHub as mrvenkatjaicode 
[info] 
[debug] [2023-02-28T15:03:06.517Z] >>> [apiv2][query] GET https://api.github.com/repos/user/actions/secrets/public-key type=owner
[debug] [2023-02-28T15:03:06.887Z] <<< [apiv2][status] GET https://api.github.com/repos/user/actions/secrets/public-key 404
[debug] [2023-02-28T15:03:06.888Z] <<< [apiv2][body] GET https://api.github.com/repos/user/actions/secrets/public-key {"message":"Not Found","documentation_url":"https://docs.github.com/rest"}
[debug] [2023-02-28T15:03:15.544Z] >>> [apiv2][query] GET https://api.github.com/repos/user/actions/secrets/public-key type=owner
[debug] [2023-02-28T15:03:15.901Z] <<< [apiv2][status] GET https://api.github.com/repos/user/actions/secrets/public-key 404
[debug] [2023-02-28T15:03:15.902Z] <<< [apiv2][body] GET https://api.github.com/repos/user/actions/secrets/public-key {"message":"Not Found","documentation_url":"https://docs.github.com/rest"}
[debug] [2023-02-28T15:03:26.232Z] >>> [apiv2][query] GET https://api.github.com/repos/repository/actions/secrets/public-key type=owner
[debug] [2023-02-28T15:03:26.815Z] <<< [apiv2][status] GET https://api.github.com/repos/repository/actions/secrets/public-key 404
[debug] [2023-02-28T15:03:26.816Z] <<< [apiv2][body] GET https://api.github.com/repos/repository/actions/secrets/public-key {"message":"Not Found","documentation_url":"https://docs.github.com/rest"}
[debug] [2023-02-28T15:05:07.189Z] >>> [apiv2][query] GET https://api.github.com/repos/repository/actions/secrets/public-key type=owner
[debug] [2023-02-28T15:05:08.012Z] <<< [apiv2][status] GET https://api.github.com/repos/repository/actions/secrets/public-key 404
[debug] [2023-02-28T15:05:08.012Z] <<< [apiv2][body] GET https://api.github.com/repos/repository/actions/secrets/public-key {"message":"Not Found","documentation_url":"https://docs.github.com/rest"}
[debug] [2023-02-28T15:05:18.677Z] >>> [apiv2][query] GET https://api.github.com/repos/user/repository/actions/secrets/public-key type=owner
[debug] [2023-02-28T15:05:19.380Z] <<< [apiv2][status] GET https://api.github.com/repos/user/repository/actions/secrets/public-key 404
[debug] [2023-02-28T15:05:19.380Z] <<< [apiv2][body] GET https://api.github.com/repos/user/repository/actions/secrets/public-key {"message":"Not Found","documentation_url":"https://docs.github.com/rest/reference/actions#get-a-repository-public-key"}
[debug] [2023-02-28T15:05:24.455Z] >>> [apiv2][query] GET https://api.github.com/repos//actions/secrets/public-key type=owner
[debug] [2023-02-28T15:05:25.129Z] <<< [apiv2][status] GET https://api.github.com/repos//actions/secrets/public-key 404
[debug] [2023-02-28T15:05:25.129Z] <<< [apiv2][body] GET https://api.github.com/repos//actions/secrets/public-key {"message":"Not Found","documentation_url":"https://docs.github.com/rest"}
[debug] [2023-02-28T15:06:35.442Z] >>> [apiv2][query] GET https://api.github.com/repos/mrvenkatjaicode/zeedwebapp/actions/secrets/public-key type=owner
[debug] [2023-02-28T15:06:36.443Z] <<< [apiv2][status] GET https://api.github.com/repos/mrvenkatjaicode/zeedwebapp/actions/secrets/public-key 404
[debug] [2023-02-28T15:06:36.443Z] <<< [apiv2][body] GET https://api.github.com/repos/mrvenkatjaicode/zeedwebapp/actions/secrets/public-key {"message":"Not Found","documentation_url":"https://docs.github.com/rest/reference/actions#get-a-repository-public-key"}
[debug] [2023-02-28T15:06:45.304Z] >>> [apiv2][query] GET https://api.github.com/repos/mrvenkatjaicode/zeedwebapp/actions/secrets/public-key type=owner
[debug] [2023-02-28T15:06:46.319Z] <<< [apiv2][status] GET https://api.github.com/repos/mrvenkatjaicode/zeedwebapp/actions/secrets/public-key 404
[debug] [2023-02-28T15:06:46.319Z] <<< [apiv2][body] GET https://api.github.com/repos/mrvenkatjaicode/zeedwebapp/actions/secrets/public-key {"message":"Not Found","documentation_url":"https://docs.github.com/rest/reference/actions#get-a-repository-public-key"}
[debug] [2023-02-28T15:07:10.085Z] >>> [apiv2][query] GET https://api.github.com/repos/mrvenkatjaicode/zeedwebapp /actions/secrets/public-key type=owner
[debug] [2023-02-28T15:07:10.507Z] <<< [apiv2][status] GET https://api.github.com/repos/mrvenkatjaicode/zeedwebapp /actions/secrets/public-key 404
[debug] [2023-02-28T15:07:10.507Z] <<< [apiv2][body] GET https://api.github.com/repos/mrvenkatjaicode/zeedwebapp /actions/secrets/public-key {"message":"Not Found","documentation_url":"https://docs.github.com/rest/reference/actions#get-a-repository-public-key"}
[debug] [2023-02-28T15:07:11.422Z] >>> [apiv2][query] GET https://api.github.com/repos/mrvenkatjaicode/zeedwebapp /actions/secrets/public-key type=owner
[debug] [2023-02-28T15:07:12.114Z] <<< [apiv2][status] GET https://api.github.com/repos/mrvenkatjaicode/zeedwebapp /actions/secrets/public-key 404
[debug] [2023-02-28T15:07:12.114Z] <<< [apiv2][body] GET https://api.github.com/repos/mrvenkatjaicode/zeedwebapp /actions/secrets/public-key {"message":"Not Found","documentation_url":"https://docs.github.com/rest/reference/actions#get-a-repository-public-key"}
